2022-07-14 15:51:28,415 INFO org.springframework.boot.StartupInfoLogger [main] Starting RegistrationApplication using Java 11.0.15 on HCMDW-nhthach with PID 19172 (C:\Users\nhthach\Desktop\Personal-Git\Test\registration\target\classes started by nhthach in C:\Users\nhthach\Desktop\Personal-Git\Test\registration)
2022-07-14 15:51:28,418 DEBUG org.springframework.boot.StartupInfoLogger [main] Running with Spring Boot v2.6.9, Spring v5.3.21
2022-07-14 15:51:28,418 INFO org.springframework.boot.SpringApplication [main] No active profile set, falling back to 1 default profile: "default"
2022-07-14 15:51:29,120 INFO org.springframework.data.repository.config.RepositoryConfigurationDelegate [main] Bootstrapping Spring Data JPA repositories in DEFAULT mode.
2022-07-14 15:51:29,167 INFO org.springframework.data.repository.config.RepositoryConfigurationDelegate [main] Finished Spring Data repository scanning in 37 ms. Found 1 JPA repository interfaces.
2022-07-14 15:51:30,123 INFO org.springframework.boot.web.embedded.tomcat.TomcatWebServer [main] Tomcat initialized with port(s): 8080 (http)
2022-07-14 15:51:30,131 INFO org.apache.juli.logging.DirectJDKLog [main] Initializing ProtocolHandler ["http-nio-8080"]
2022-07-14 15:51:30,132 INFO org.apache.juli.logging.DirectJDKLog [main] Starting service [Tomcat]
2022-07-14 15:51:30,132 INFO org.apache.juli.logging.DirectJDKLog [main] Starting Servlet engine: [Apache Tomcat/9.0.64]
2022-07-14 15:51:30,223 INFO org.apache.juli.logging.DirectJDKLog [main] Initializing Spring embedded WebApplicationContext
2022-07-14 15:51:30,223 INFO org.springframework.boot.web.servlet.context.ServletWebServerApplicationContext [main] Root WebApplicationContext: initialization completed in 1763 ms
2022-07-14 15:51:30,253 INFO com.zaxxer.hikari.HikariDataSource [main] HikariPool-1 - Starting...
2022-07-14 15:51:30,398 INFO com.zaxxer.hikari.HikariDataSource [main] HikariPool-1 - Start completed.
2022-07-14 15:51:30,408 INFO org.springframework.boot.autoconfigure.h2.H2ConsoleAutoConfiguration [main] H2 console available at '/h2'. Database available at 'jdbc:h2:mem:h2db'
2022-07-14 15:51:30,529 INFO org.flywaydb.core.internal.logging.slf4j.Slf4jLog [main] Flyway Community Edition 8.0.5 by Redgate
2022-07-14 15:51:30,529 INFO org.flywaydb.core.internal.logging.slf4j.Slf4jLog [main] Database: jdbc:h2:mem:h2db (H2 1.4)
2022-07-14 15:51:30,590 INFO org.flywaydb.core.internal.logging.slf4j.Slf4jLog [main] Successfully validated 2 migrations (execution time 00:00.019s)
2022-07-14 15:51:30,601 INFO org.flywaydb.core.internal.logging.slf4j.Slf4jLog [main] Creating Schema History table "PUBLIC"."flyway_schema_history" ...
2022-07-14 15:51:30,641 INFO org.flywaydb.core.internal.logging.slf4j.Slf4jLog [main] Current version of schema "PUBLIC": << Empty Schema >>
2022-07-14 15:51:30,646 INFO org.flywaydb.core.internal.logging.slf4j.Slf4jLog [main] Migrating schema "PUBLIC" to version "1 - CreateUserTable"
2022-07-14 15:51:30,674 INFO org.flywaydb.core.internal.logging.slf4j.Slf4jLog [main] Migrating schema "PUBLIC" to version "2 - InsertData"
2022-07-14 15:51:30,693 INFO org.flywaydb.core.internal.logging.slf4j.Slf4jLog [main] Successfully applied 2 migrations to schema "PUBLIC", now at version v2 (execution time 00:00.058s)
2022-07-14 15:51:30,792 INFO org.hibernate.jpa.internal.util.LogHelper [main] HHH000204: Processing PersistenceUnitInfo [name: default]
2022-07-14 15:51:30,836 INFO org.hibernate.Version [main] HHH000412: Hibernate ORM core version 5.6.9.Final
2022-07-14 15:51:30,987 INFO org.hibernate.annotations.common.reflection.java.JavaReflectionManager [main] HCANN000001: Hibernate Commons Annotations {5.1.2.Final}
2022-07-14 15:51:31,089 INFO org.hibernate.dialect.Dialect [main] HHH000400: Using dialect: org.hibernate.dialect.H2Dialect
2022-07-14 15:51:31,568 INFO org.hibernate.engine.transaction.jta.platform.internal.JtaPlatformInitiator [main] HHH000490: Using JtaPlatform implementation: [org.hibernate.engine.transaction.jta.platform.internal.NoJtaPlatform]
2022-07-14 15:51:31,575 INFO org.springframework.orm.jpa.AbstractEntityManagerFactoryBean [main] Initialized JPA EntityManagerFactory for persistence unit 'default'
2022-07-14 15:51:32,051 WARN org.springframework.boot.autoconfigure.orm.jpa.JpaBaseConfiguration$JpaWebConfiguration [main] spring.jpa.open-in-view is enabled by default. Therefore, database queries may be performed during view rendering. Explicitly configure spring.jpa.open-in-view to disable this warning
2022-07-14 15:51:32,164 INFO springfox.documentation.spring.web.PropertySourcedRequestMappingHandlerMapping [main] Mapped URL path [/v2/api-docs] onto method [springfox.documentation.swagger2.web.Swagger2Controller#getDocumentation(String, HttpServletRequest)]
2022-07-14 15:51:32,364 INFO org.apache.juli.logging.DirectJDKLog [main] Starting ProtocolHandler ["http-nio-8080"]
2022-07-14 15:51:32,383 INFO org.springframework.boot.web.embedded.tomcat.TomcatWebServer [main] Tomcat started on port(s): 8080 (http) with context path ''
2022-07-14 15:51:32,384 INFO springfox.documentation.spring.web.plugins.DocumentationPluginsBootstrapper [main] Context refreshed
2022-07-14 15:51:32,401 INFO springfox.documentation.spring.web.plugins.DocumentationPluginsBootstrapper [main] Found 1 custom documentation plugin(s)
2022-07-14 15:51:32,417 INFO springfox.documentation.spring.web.scanners.ApiListingReferenceScanner [main] Scanning for api listing references
2022-07-14 15:51:32,531 INFO org.springframework.boot.StartupInfoLogger [main] Started RegistrationApplication in 4.583 seconds (JVM running for 4.973)
2022-07-14 15:52:21,678 INFO org.springframework.orm.jpa.AbstractEntityManagerFactoryBean [SpringApplicationShutdownHook] Closing JPA EntityManagerFactory for persistence unit 'default'
2022-07-14 15:52:21,680 INFO com.zaxxer.hikari.HikariDataSource [SpringApplicationShutdownHook] HikariPool-1 - Shutdown initiated...
2022-07-14 15:52:21,682 INFO com.zaxxer.hikari.HikariDataSource [SpringApplicationShutdownHook] HikariPool-1 - Shutdown completed.
2022-07-14 17:27:55,885 INFO org.springframework.boot.StartupInfoLogger [main] Starting RegistrationApplication using Java 11.0.15 on HCMDW-nhthach with PID 11040 (C:\Users\nhthach\Desktop\Personal-Git\Test\registration\target\classes started by nhthach in C:\Users\nhthach\Desktop\Personal-Git\Test\registration)
2022-07-14 17:27:55,888 DEBUG org.springframework.boot.StartupInfoLogger [main] Running with Spring Boot v2.6.9, Spring v5.3.21
2022-07-14 17:27:55,888 INFO org.springframework.boot.SpringApplication [main] No active profile set, falling back to 1 default profile: "default"
2022-07-14 17:27:56,770 INFO org.springframework.data.repository.config.RepositoryConfigurationDelegate [main] Bootstrapping Spring Data JPA repositories in DEFAULT mode.
2022-07-14 17:27:56,828 INFO org.springframework.data.repository.config.RepositoryConfigurationDelegate [main] Finished Spring Data repository scanning in 44 ms. Found 1 JPA repository interfaces.
2022-07-14 17:27:57,922 INFO org.springframework.boot.web.embedded.tomcat.TomcatWebServer [main] Tomcat initialized with port(s): 8080 (http)
2022-07-14 17:27:57,932 INFO org.apache.juli.logging.DirectJDKLog [main] Initializing ProtocolHandler ["http-nio-8080"]
2022-07-14 17:27:57,933 INFO org.apache.juli.logging.DirectJDKLog [main] Starting service [Tomcat]
2022-07-14 17:27:57,933 INFO org.apache.juli.logging.DirectJDKLog [main] Starting Servlet engine: [Apache Tomcat/9.0.64]
2022-07-14 17:27:58,053 INFO org.apache.juli.logging.DirectJDKLog [main] Initializing Spring embedded WebApplicationContext
2022-07-14 17:27:58,054 INFO org.springframework.boot.web.servlet.context.ServletWebServerApplicationContext [main] Root WebApplicationContext: initialization completed in 2115 ms
2022-07-14 17:27:58,083 INFO com.zaxxer.hikari.HikariDataSource [main] HikariPool-1 - Starting...
2022-07-14 17:27:58,258 INFO com.zaxxer.hikari.HikariDataSource [main] HikariPool-1 - Start completed.
2022-07-14 17:27:58,268 INFO org.springframework.boot.autoconfigure.h2.H2ConsoleAutoConfiguration [main] H2 console available at '/h2'. Database available at 'jdbc:h2:mem:h2db'
2022-07-14 17:27:58,404 INFO org.flywaydb.core.internal.logging.slf4j.Slf4jLog [main] Flyway Community Edition 8.0.5 by Redgate
2022-07-14 17:27:58,405 INFO org.flywaydb.core.internal.logging.slf4j.Slf4jLog [main] Database: jdbc:h2:mem:h2db (H2 1.4)
2022-07-14 17:27:58,467 INFO org.flywaydb.core.internal.logging.slf4j.Slf4jLog [main] Successfully validated 2 migrations (execution time 00:00.023s)
2022-07-14 17:27:58,479 INFO org.flywaydb.core.internal.logging.slf4j.Slf4jLog [main] Creating Schema History table "PUBLIC"."flyway_schema_history" ...
2022-07-14 17:27:58,526 INFO org.flywaydb.core.internal.logging.slf4j.Slf4jLog [main] Current version of schema "PUBLIC": << Empty Schema >>
2022-07-14 17:27:58,531 INFO org.flywaydb.core.internal.logging.slf4j.Slf4jLog [main] Migrating schema "PUBLIC" to version "1 - CreateUserTable"
2022-07-14 17:27:58,557 INFO org.flywaydb.core.internal.logging.slf4j.Slf4jLog [main] Migrating schema "PUBLIC" to version "2 - InsertData"
2022-07-14 17:27:58,574 INFO org.flywaydb.core.internal.logging.slf4j.Slf4jLog [main] Successfully applied 2 migrations to schema "PUBLIC", now at version v2 (execution time 00:00.054s)
2022-07-14 17:27:58,677 INFO org.hibernate.jpa.internal.util.LogHelper [main] HHH000204: Processing PersistenceUnitInfo [name: default]
2022-07-14 17:27:58,741 INFO org.hibernate.Version [main] HHH000412: Hibernate ORM core version 5.6.9.Final
2022-07-14 17:27:58,919 INFO org.hibernate.annotations.common.reflection.java.JavaReflectionManager [main] HCANN000001: Hibernate Commons Annotations {5.1.2.Final}
2022-07-14 17:27:59,037 INFO org.hibernate.dialect.Dialect [main] HHH000400: Using dialect: org.hibernate.dialect.H2Dialect
2022-07-14 17:27:59,542 INFO org.hibernate.engine.transaction.jta.platform.internal.JtaPlatformInitiator [main] HHH000490: Using JtaPlatform implementation: [org.hibernate.engine.transaction.jta.platform.internal.NoJtaPlatform]
2022-07-14 17:27:59,552 INFO org.springframework.orm.jpa.AbstractEntityManagerFactoryBean [main] Initialized JPA EntityManagerFactory for persistence unit 'default'
2022-07-14 17:28:00,074 WARN org.springframework.boot.autoconfigure.orm.jpa.JpaBaseConfiguration$JpaWebConfiguration [main] spring.jpa.open-in-view is enabled by default. Therefore, database queries may be performed during view rendering. Explicitly configure spring.jpa.open-in-view to disable this warning
2022-07-14 17:28:00,200 INFO springfox.documentation.spring.web.PropertySourcedRequestMappingHandlerMapping [main] Mapped URL path [/v2/api-docs] onto method [springfox.documentation.swagger2.web.Swagger2Controller#getDocumentation(String, HttpServletRequest)]
2022-07-14 17:28:00,426 INFO org.apache.juli.logging.DirectJDKLog [main] Starting ProtocolHandler ["http-nio-8080"]
2022-07-14 17:28:00,446 INFO org.springframework.boot.web.embedded.tomcat.TomcatWebServer [main] Tomcat started on port(s): 8080 (http) with context path ''
2022-07-14 17:28:00,447 INFO springfox.documentation.spring.web.plugins.DocumentationPluginsBootstrapper [main] Context refreshed
2022-07-14 17:28:00,467 INFO springfox.documentation.spring.web.plugins.DocumentationPluginsBootstrapper [main] Found 1 custom documentation plugin(s)
2022-07-14 17:28:00,486 INFO springfox.documentation.spring.web.scanners.ApiListingReferenceScanner [main] Scanning for api listing references
2022-07-14 17:28:00,617 INFO org.springframework.boot.StartupInfoLogger [main] Started RegistrationApplication in 5.32 seconds (JVM running for 5.788)
2022-07-14 17:28:03,668 INFO org.apache.juli.logging.DirectJDKLog [http-nio-8080-exec-1] Initializing Spring DispatcherServlet 'dispatcherServlet'
2022-07-14 17:28:03,669 INFO org.springframework.web.servlet.FrameworkServlet [http-nio-8080-exec-1] Initializing Servlet 'dispatcherServlet'
2022-07-14 17:28:03,671 INFO org.springframework.web.servlet.FrameworkServlet [http-nio-8080-exec-1] Completed initialization in 0 ms
2022-07-14 17:35:47,868 INFO org.springframework.orm.jpa.AbstractEntityManagerFactoryBean [SpringApplicationShutdownHook] Closing JPA EntityManagerFactory for persistence unit 'default'
2022-07-14 17:35:47,869 INFO com.zaxxer.hikari.HikariDataSource [SpringApplicationShutdownHook] HikariPool-1 - Shutdown initiated...
2022-07-14 17:35:47,872 INFO com.zaxxer.hikari.HikariDataSource [SpringApplicationShutdownHook] HikariPool-1 - Shutdown completed.
